
=== clean_architecture (tests/architecture/test_clean_architecture.py) ===
..........................                                               [100%]
26 passed in 2.20s
[exit=0]
[summary] clean_architecture: 26 passed in 2.20s

=== no_bare_except (tests/architecture/test_no_bare_except.py) ===
........                                                                 [100%]
8 passed in 0.04s
[exit=0]
[summary] no_bare_except: 8 passed in 0.04s

=== no_bare_except_p3_3 (tests/architecture/test_no_bare_except_p3_3.py) ===
........................................................................ [  8%]
........................................................................ [ 17%]
........................................................................ [ 25%]
........................................................................ [ 34%]
........................................................................ [ 43%]
........................................................................ [ 51%]
........................................................................ [ 60%]
........................................................................ [ 68%]
........................................................................ [ 77%]
........................................................................ [ 86%]
........................................................................ [ 94%]
...........................................                              [100%]
835 passed in 1.17s
[exit=0]
[summary] no_bare_except_p3_3: 835 passed in 1.17s

=== path_validation (tests/architecture/test_path_validation_m8.py) ===
........................................................................ [ 17%]
........................................................................ [ 34%]
........................................................................ [ 51%]
........................................................................ [ 68%]
........................................................................ [ 86%]
..........................................................               [100%]
418 passed in 0.76s
[exit=0]
[summary] path_validation: 418 passed in 0.76s

=== react_loop (tests/architecture/test_react_loop.py) ===
